2024/11/20 19:52:25 logger.go:73: INFO: Loading commands...
2024/11/20 19:52:25 logger.go:79: ERROR: Error deleting existing commands: error fetching existing commands: HTTP 401 Unauthorized, {"message": "401: Unauthorized", "code": 0}
2024/11/20 19:52:25 logger.go:73: INFO: Processing command: ping from category: UTIL
2024/11/20 19:52:25 logger.go:79: ERROR: Error processing command file commands\util\ping.go: error registering command ping: HTTP 405 Method Not Allowed, {"message": "405: Method Not Allowed", "code": 0}
2024/11/20 19:52:25 logger.go:73: INFO: Loaded 0 commands successfully
2024/11/20 19:52:25 logger.go:73: INFO: Loading events...
2024/11/20 19:52:25 logger.go:73: INFO: Found event in events\ready\ready.go
2024/11/20 19:52:25 logger.go:73: INFO: Events loaded successfully
2024/11/20 19:52:26 logger.go:85: FATAL: Failed to start bot:websocket: close 4004: Authentication failed.
2024/11/20 19:52:52 logger.go:73: INFO: Loading commands...
2024/11/20 19:52:53 logger.go:73: INFO: Processing command: ping from category: UTIL
2024/11/20 19:52:54 logger.go:73: INFO: Registered command: ping
2024/11/20 19:52:54 logger.go:73: INFO: Loaded 1 commands successfully
2024/11/20 19:52:54 logger.go:73: INFO: Loading events...
2024/11/20 19:52:54 logger.go:73: INFO: Found event in events\ready\ready.go
2024/11/20 19:52:54 logger.go:73: INFO: Events loaded successfully
2024/11/20 19:52:54 logger.go:73: INFO: Event triggered: ready
2024/11/20 19:52:54 logger.go:73: INFO: Event triggered: ready
2024/11/20 19:52:54 logger.go:73: INFO: Event triggered: ready
2024/11/20 19:52:54 logger.go:73: INFO: Logged in as: Devil#8657
2024/11/20 19:52:54 logger.go:73: INFO: Bot is in 1 guilds
2024/11/20 19:52:54 logger.go:73: INFO: Event triggered: ready
2024/11/20 19:52:54 logger.go:73: INFO: Event triggered: ready
2024/11/20 19:53:24 logger.go:73: INFO: Event triggered: ready
2024/11/20 19:53:24 logger.go:73: INFO: Event triggered: ready
2024/11/20 19:53:24 logger.go:73: INFO: Event triggered: ready
2024/11/20 19:53:24 logger.go:73: INFO: Event triggered: ready
2024/11/20 19:53:24 logger.go:73: INFO: Event triggered: ready
2024/11/20 19:53:24 logger.go:73: INFO: Event triggered: ready
2024/11/20 19:53:31 logger.go:73: INFO: Event triggered: ready
2024/11/20 19:53:31 logger.go:73: INFO: Event triggered: ready
2024/11/20 19:53:38 logger.go:73: INFO: Event triggered: ready
2024/11/20 19:53:38 logger.go:73: INFO: Event triggered: ready
2024/11/20 19:54:58 logger.go:73: INFO: Loading commands...
2024/11/20 19:54:59 logger.go:73: INFO: Processing command: ping from category: UTIL
2024/11/20 19:54:59 logger.go:73: INFO: Registered command: ping
2024/11/20 19:54:59 logger.go:73: INFO: Loaded 1 commands successfully
2024/11/20 19:54:59 logger.go:73: INFO: Loading events...
2024/11/20 19:54:59 logger.go:73: INFO: Found event in events\ready\ready.go
2024/11/20 19:54:59 logger.go:73: INFO: Events loaded successfully
2024/11/20 19:55:00 logger.go:73: INFO: Event triggered: ready
2024/11/20 19:55:00 logger.go:73: INFO: Logged in as: Devil#8657
2024/11/20 19:55:00 logger.go:73: INFO: Event triggered: ready
2024/11/20 19:55:00 logger.go:73: INFO: Event triggered: ready
2024/11/20 19:55:00 logger.go:73: INFO: Bot is in 1 guilds
2024/11/20 19:55:00 logger.go:73: INFO: Event triggered: ready
2024/11/20 19:55:00 logger.go:73: INFO: Event triggered: ready
2024/11/20 20:02:48 logger.go:73: INFO: Loading commands...
2024/11/20 20:02:49 logger.go:73: INFO: Registered command: ping
2024/11/20 20:02:49 logger.go:73: INFO: Loaded 1 commands successfully
2024/11/20 20:02:49 logger.go:73: INFO: Loading events...
2024/11/20 20:02:49 logger.go:73: INFO: Found event in events\ready\ready.go
2024/11/20 20:02:49 logger.go:73: INFO: Events loaded successfully
2024/11/20 20:02:50 logger.go:73: INFO: Event triggered: ready
2024/11/20 20:02:50 logger.go:73: INFO: Logged in as: Devil#8657
2024/11/20 20:02:50 logger.go:73: INFO: Event triggered: ready
2024/11/20 20:02:50 logger.go:73: INFO: Event triggered: ready
2024/11/20 20:02:50 logger.go:73: INFO: Bot is in 1 guilds
2024/11/20 20:02:50 logger.go:73: INFO: Event triggered: ready
2024/11/20 20:02:50 logger.go:73: INFO: Event triggered: ready
2024/11/20 20:03:18 logger.go:73: INFO: Event triggered: ready
2024/11/20 20:03:18 logger.go:73: INFO: Event triggered: ready
2024/11/20 20:03:18 logger.go:73: INFO: Event triggered: ready
2024/11/20 20:03:18 logger.go:73: INFO: Event triggered: ready
2024/11/20 20:03:18 logger.go:73: INFO: Event triggered: ready
2024/11/20 20:03:18 logger.go:73: INFO: Event triggered: ready
2024/11/20 20:03:26 logger.go:73: INFO: Event triggered: ready
2024/11/20 20:03:26 logger.go:73: INFO: Event triggered: ready
2024/11/20 20:03:26 logger.go:73: INFO: Event triggered: ready
2024/11/20 20:03:26 logger.go:73: INFO: Event triggered: ready
2024/11/20 20:03:26 logger.go:73: INFO: Event triggered: ready
2024/11/20 20:03:26 logger.go:73: INFO: Event triggered: ready
2024/11/20 20:03:32 logger.go:73: INFO: Event triggered: ready
2024/11/20 20:03:32 logger.go:73: INFO: Event triggered: ready
2024/11/20 20:03:32 logger.go:73: INFO: Event triggered: ready
2024/11/20 20:03:32 logger.go:73: INFO: Event triggered: ready
2024/11/20 20:03:32 logger.go:73: INFO: Event triggered: ready
2024/11/20 20:03:32 logger.go:73: INFO: Event triggered: ready
2024/11/20 20:03:40 logger.go:73: INFO: Event triggered: ready
2024/11/20 20:03:40 logger.go:73: INFO: Event triggered: ready
2024/11/20 20:03:40 logger.go:73: INFO: Event triggered: ready
2024/11/20 20:03:40 logger.go:73: INFO: Event triggered: ready
2024/11/20 20:04:07 logger.go:73: INFO: Event triggered: ready
2024/11/20 20:04:07 logger.go:73: INFO: Event triggered: ready
2024/11/20 20:04:07 logger.go:73: INFO: Event triggered: ready
2024/11/20 20:04:07 logger.go:73: INFO: Event triggered: ready
2024/11/20 20:04:17 logger.go:73: INFO: Event triggered: ready
2024/11/20 20:04:17 logger.go:73: INFO: Event triggered: ready
2024/11/20 20:04:35 logger.go:73: INFO: Event triggered: ready
2024/11/20 20:04:35 logger.go:73: INFO: Event triggered: ready
2024/11/20 20:04:35 logger.go:73: INFO: Event triggered: ready
2024/11/20 20:04:35 logger.go:73: INFO: Event triggered: ready
2024/11/20 20:05:24 logger.go:73: INFO: Event triggered: ready
2024/11/20 20:05:24 logger.go:73: INFO: Event triggered: ready
2024/11/20 20:05:24 logger.go:73: INFO: Event triggered: ready
2024/11/20 20:05:24 logger.go:73: INFO: Event triggered: ready
2024/11/20 20:05:31 logger.go:73: INFO: Event triggered: ready
2024/11/20 20:05:31 logger.go:73: INFO: Event triggered: ready
2024/11/20 20:06:20 logger.go:73: INFO: Event triggered: ready
2024/11/20 20:06:20 logger.go:73: INFO: Event triggered: ready
2024/11/20 20:06:21 logger.go:73: INFO: Event triggered: ready
2024/11/20 20:06:21 logger.go:73: INFO: Event triggered: ready
2024/11/20 20:06:22 logger.go:73: INFO: Event triggered: ready
2024/11/20 20:06:22 logger.go:73: INFO: Event triggered: ready
2024/11/20 20:06:22 logger.go:73: INFO: Event triggered: ready
2024/11/20 20:06:22 logger.go:73: INFO: Event triggered: ready
2024/11/20 20:06:42 logger.go:73: INFO: Event triggered: ready
2024/11/20 20:06:42 logger.go:73: INFO: Event triggered: ready
2024/11/20 20:06:55 logger.go:73: INFO: Loading commands...
2024/11/20 20:06:55 logger.go:73: INFO: Registered command: ping
2024/11/20 20:06:55 logger.go:73: INFO: Loaded 1 commands successfully
2024/11/20 20:06:55 logger.go:73: INFO: Loading events...
2024/11/20 20:06:55 logger.go:73: INFO: Found event in events\ready\ready.go
2024/11/20 20:06:55 logger.go:73: INFO: Events loaded successfully
2024/11/20 20:06:56 logger.go:73: INFO: Logged in as: Devil#8657
2024/11/20 20:06:56 logger.go:73: INFO: Bot is in 1 guilds
2024/11/20 20:12:05 logger.go:73: INFO: Loading commands...
2024/11/20 20:12:06 logger.go:73: INFO: Registered command: ping
2024/11/20 20:12:06 logger.go:73: INFO: Loaded 1 commands successfully
2024/11/20 20:12:06 logger.go:73: INFO: Loading events...
2024/11/20 20:12:06 logger.go:73: INFO: Found event in events\ready\ready.go
2024/11/20 20:12:06 logger.go:73: INFO: Events loaded successfully
2024/11/20 20:12:07 logger.go:73: INFO: Logged in as: Devil#8657
2024/11/20 20:12:07 logger.go:73: INFO: Bot is in 1 guilds
2024/11/20 20:34:13 logger.go:73: INFO: Loading commands...
2024/11/20 20:34:14 logger.go:73: INFO: Registered command: ping
2024/11/20 20:34:14 logger.go:73: INFO: Registered command: webp-to-gif
2024/11/20 20:34:14 logger.go:73: INFO: Loaded 2 commands successfully
2024/11/20 20:34:14 logger.go:73: INFO: Loading events...
2024/11/20 20:34:14 logger.go:73: INFO: Found event in events\ready\ready.go
2024/11/20 20:34:14 logger.go:73: INFO: Events loaded successfully
2024/11/20 20:34:15 logger.go:73: INFO: Logged in as: Devil#8657
2024/11/20 20:34:15 logger.go:73: INFO: Bot is in 1 guilds
2024/11/20 20:57:17 logger.go:73: INFO: Loading commands...
2024/11/20 20:57:18 logger.go:79: ERROR: Error deleting existing commands: error fetching existing commands: HTTP 401 Unauthorized, {"message": "401: Unauthorized", "code": 0}
2024/11/20 20:57:18 logger.go:79: ERROR: Error registering command ping: error registering command ping: HTTP 401 Unauthorized, {"message": "401: Unauthorized", "code": 0}
2024/11/20 20:57:18 logger.go:79: ERROR: Error registering command webp-to-gif: error registering command webp-to-gif: HTTP 401 Unauthorized, {"message": "401: Unauthorized", "code": 0}
2024/11/20 20:57:18 logger.go:79: ERROR: Error registering command resize-image: error registering command resize-image: HTTP 401 Unauthorized, {"message": "401: Unauthorized", "code": 0}
2024/11/20 20:57:19 logger.go:79: ERROR: Error registering command blur-image: error registering command blur-image: HTTP 401 Unauthorized, {"message": "401: Unauthorized", "code": 0}
2024/11/20 20:57:19 logger.go:73: INFO: Loaded 0 commands successfully
2024/11/20 20:57:19 logger.go:73: INFO: Loading events...
2024/11/20 20:57:19 logger.go:73: INFO: Found event in events\ready\ready.go
2024/11/20 20:57:19 logger.go:73: INFO: Events loaded successfully
2024/11/20 20:57:19 logger.go:85: FATAL: Failed to start bot:websocket: close 4004: Authentication failed.
2024/11/20 20:57:51 logger.go:73: INFO: Loading commands...
2024/11/20 20:57:53 logger.go:73: INFO: Registered command: ping
2024/11/20 20:57:54 logger.go:73: INFO: Registered command: webp-to-gif
2024/11/20 20:57:55 logger.go:73: INFO: Registered command: resize-image
2024/11/20 20:57:55 logger.go:73: INFO: Registered command: blur-image
2024/11/20 20:57:55 logger.go:73: INFO: Loaded 4 commands successfully
2024/11/20 20:57:55 logger.go:73: INFO: Loading events...
2024/11/20 20:57:55 logger.go:73: INFO: Found event in events\ready\ready.go
2024/11/20 20:57:55 logger.go:73: INFO: Events loaded successfully
2024/11/20 20:57:56 logger.go:73: INFO: Logged in as: Devil#8657
2024/11/20 20:57:56 logger.go:73: INFO: Bot is in 1 guilds
2024/11/20 21:11:02 logger.go:73: INFO: Loading commands...
2024/11/20 21:11:03 logger.go:73: INFO: Registered command: blur-image
2024/11/20 21:11:04 logger.go:73: INFO: Registered command: resize-image
2024/11/20 21:11:04 logger.go:73: INFO: Registered command: webp-to-gif
2024/11/20 21:11:09 logger.go:73: INFO: Registered command: ping
2024/11/20 21:11:09 logger.go:73: INFO: Registered command: uptime
2024/11/20 21:11:09 logger.go:73: INFO: Loaded 5 commands successfully
2024/11/20 21:11:09 logger.go:73: INFO: Loading events...
2024/11/20 21:11:09 logger.go:73: INFO: Found event in events\ready\ready.go
2024/11/20 21:11:09 logger.go:73: INFO: Events loaded successfully
2024/11/20 21:11:09 logger.go:73: INFO: Logged in as: Devil#8657
2024/11/20 21:11:09 logger.go:73: INFO: Bot is in 1 guilds
2024/11/20 21:14:23 logger.go:73: INFO: Loading commands...
2024/11/20 21:14:24 logger.go:73: INFO: Registered command: ping
2024/11/20 21:14:25 logger.go:73: INFO: Registered command: uptime
2024/11/20 21:14:25 logger.go:73: INFO: Registered command: blur-image
2024/11/20 21:14:26 logger.go:73: INFO: Registered command: image-info
2024/11/20 21:14:26 logger.go:73: INFO: Registered command: resize-image
2024/11/20 21:14:45 logger.go:73: INFO: Registered command: webp-to-gif
2024/11/20 21:14:45 logger.go:73: INFO: Loaded 6 commands successfully
2024/11/20 21:14:45 logger.go:73: INFO: Loading events...
2024/11/20 21:14:45 logger.go:73: INFO: Found event in events\ready\ready.go
2024/11/20 21:14:45 logger.go:73: INFO: Events loaded successfully
2024/11/20 21:14:45 logger.go:73: INFO: Logged in as: Devil#8657
2024/11/20 21:14:45 logger.go:73: INFO: Bot is in 1 guilds
2024/11/20 21:25:32 logger.go:73: INFO: Loading commands...
2024/11/20 21:25:33 logger.go:73: INFO: Registered command: image-info
2024/11/20 21:25:33 logger.go:73: INFO: Registered command: resize-image
2024/11/20 21:25:34 logger.go:73: INFO: Registered command: webp-to-gif
2024/11/20 21:25:34 logger.go:73: INFO: Registered command: ping
2024/11/20 21:25:35 logger.go:73: INFO: Registered command: uptime
2024/11/20 21:25:53 logger.go:73: INFO: Registered command: blur-image
2024/11/20 21:25:53 logger.go:73: INFO: Loaded 6 commands successfully
2024/11/20 21:25:53 logger.go:73: INFO: Loading events...
2024/11/20 21:25:53 logger.go:73: INFO: Found event in events\ready\ready.go
2024/11/20 21:25:53 logger.go:73: INFO: Events loaded successfully
2024/11/20 21:25:53 logger.go:73: INFO: Logged in as: Devil#8657
2024/11/20 21:25:53 logger.go:73: INFO: Bot is in 1 guilds
2024/11/20 21:37:20 logger.go:73: INFO: Loading commands...
2024/11/20 21:37:21 logger.go:73: INFO: Registered command: uptime
2024/11/20 21:37:22 logger.go:73: INFO: Registered command: convert-document
2024/11/20 21:37:22 logger.go:73: INFO: Registered command: blur-image
2024/11/20 21:37:22 logger.go:73: INFO: Registered command: image-info
2024/11/20 21:37:23 logger.go:73: INFO: Registered command: resize-image
2024/11/20 21:37:41 logger.go:73: INFO: Registered command: webp-to-gif
2024/11/20 21:37:42 logger.go:73: INFO: Registered command: ping
2024/11/20 21:37:42 logger.go:73: INFO: Loaded 7 commands successfully
2024/11/20 21:37:42 logger.go:73: INFO: Loading events...
2024/11/20 21:37:42 logger.go:73: INFO: Found event in events\ready\ready.go
2024/11/20 21:37:42 logger.go:73: INFO: Events loaded successfully
2024/11/20 21:37:43 logger.go:73: INFO: Logged in as: Devil#8657
2024/11/20 21:37:43 logger.go:73: INFO: Bot is in 1 guilds
2024/11/20 21:42:04 logger.go:73: INFO: Loading commands...
2024/11/20 21:42:05 logger.go:73: INFO: Registered command: convert-document
2024/11/20 21:42:06 logger.go:73: INFO: Registered command: blur-image
2024/11/20 21:42:06 logger.go:73: INFO: Registered command: image-info
2024/11/20 21:42:06 logger.go:73: INFO: Registered command: resize-image
2024/11/20 21:42:07 logger.go:73: INFO: Registered command: webp-to-gif
2024/11/20 21:42:25 logger.go:73: INFO: Registered command: ping
2024/11/20 21:42:26 logger.go:73: INFO: Registered command: uptime
2024/11/20 21:42:26 logger.go:73: INFO: Loaded 7 commands successfully
2024/11/20 21:42:26 logger.go:73: INFO: Loading events...
2024/11/20 21:42:26 logger.go:73: INFO: Found event in events\ready\ready.go
2024/11/20 21:42:26 logger.go:73: INFO: Events loaded successfully
2024/11/20 21:42:27 logger.go:73: INFO: Logged in as: Devil#8657
2024/11/20 21:42:27 logger.go:73: INFO: Bot is in 1 guilds
2024/11/20 21:45:14 logger.go:73: INFO: Loading commands...
2024/11/20 21:45:15 logger.go:73: INFO: Registered command: image-info
2024/11/20 21:45:16 logger.go:73: INFO: Registered command: resize-image
2024/11/20 21:45:16 logger.go:73: INFO: Registered command: webp-to-gif
2024/11/20 21:45:17 logger.go:73: INFO: Registered command: ping
2024/11/20 21:45:17 logger.go:73: INFO: Registered command: uptime
2024/11/20 21:45:36 logger.go:73: INFO: Registered command: convert-document
2024/11/20 21:45:37 logger.go:73: INFO: Registered command: blur-image
2024/11/20 21:45:37 logger.go:73: INFO: Loaded 7 commands successfully
2024/11/20 21:45:37 logger.go:73: INFO: Loading events...
2024/11/20 21:45:37 logger.go:73: INFO: Found event in events\ready\ready.go
2024/11/20 21:45:37 logger.go:73: INFO: Events loaded successfully
2024/11/20 21:45:37 logger.go:73: INFO: Logged in as: Devil#8657
2024/11/20 21:45:37 logger.go:73: INFO: Bot is in 1 guilds
2024/11/20 21:50:07 logger.go:73: INFO: Loading commands...
2024/11/20 21:50:09 logger.go:73: INFO: Registered command: ping
2024/11/20 21:50:09 logger.go:73: INFO: Registered command: uptime
2024/11/20 21:50:10 logger.go:73: INFO: Registered command: convert-document
2024/11/20 21:50:10 logger.go:73: INFO: Registered command: blur-image
2024/11/20 21:50:11 logger.go:73: INFO: Registered command: image-info
2024/11/20 21:50:29 logger.go:73: INFO: Registered command: resize-image
2024/11/20 21:50:29 logger.go:73: INFO: Registered command: webp-to-gif
2024/11/20 21:50:29 logger.go:73: INFO: Loaded 7 commands successfully
2024/11/20 21:50:29 logger.go:73: INFO: Loading events...
2024/11/20 21:50:29 logger.go:73: INFO: Found event in events\ready\ready.go
2024/11/20 21:50:29 logger.go:73: INFO: Events loaded successfully
2024/11/20 21:50:30 logger.go:73: INFO: Logged in as: Devil#8657
2024/11/20 21:50:30 logger.go:73: INFO: Bot is in 1 guilds
2024/11/20 22:24:09 logger.go:73: INFO: Loading commands...
2024/11/20 22:24:10 logger.go:73: INFO: Registered command: image-info
2024/11/20 22:24:10 logger.go:73: INFO: Registered command: resize-image
2024/11/20 22:24:11 logger.go:73: INFO: Registered command: webp-to-gif
2024/11/20 22:24:11 logger.go:73: INFO: Registered command: ping
2024/11/20 22:24:12 logger.go:73: INFO: Registered command: uptime
2024/11/20 22:24:30 logger.go:73: INFO: Registered command: convert-document
2024/11/20 22:24:31 logger.go:73: INFO: Registered command: blur-image
2024/11/20 22:24:31 logger.go:73: INFO: Loaded 7 commands successfully
2024/11/20 22:24:31 logger.go:73: INFO: Loading events...
2024/11/20 22:24:31 logger.go:73: INFO: Found event in events\ready\ready.go
2024/11/20 22:24:31 logger.go:73: INFO: Events loaded successfully
2024/11/20 22:24:31 logger.go:73: INFO: Logged in as: Devil#8657
2024/11/20 22:24:31 logger.go:73: INFO: Bot is in 1 guilds
2024/11/20 22:28:15 logger.go:73: INFO: Loading commands...
2024/11/20 22:28:36 logger.go:73: INFO: Registered command: convert-document
2024/11/20 22:28:37 logger.go:73: INFO: Registered command: blur-image
2024/11/20 22:28:37 logger.go:73: INFO: Registered command: image-info
2024/11/20 22:28:37 logger.go:73: INFO: Registered command: resize-image
2024/11/20 22:28:38 logger.go:73: INFO: Registered command: webp-to-gif
2024/11/20 22:28:57 logger.go:73: INFO: Registered command: ping
2024/11/20 22:28:57 logger.go:73: INFO: Registered command: uptime
2024/11/20 22:28:57 logger.go:73: INFO: Loaded 7 commands successfully
2024/11/20 22:28:57 logger.go:73: INFO: Loading events...
2024/11/20 22:28:57 logger.go:73: INFO: Found event in events\ready\ready.go
2024/11/20 22:28:57 logger.go:73: INFO: Events loaded successfully
2024/11/20 22:28:58 logger.go:73: INFO: Logged in as: Devil#8657
2024/11/20 22:28:58 logger.go:73: INFO: Bot is in 1 guilds
2024/11/20 22:34:15 logger.go:73: INFO: Loading commands...
2024/11/20 22:34:37 logger.go:73: INFO: Registered command: resize-image
2024/11/20 22:34:38 logger.go:73: INFO: Registered command: webp-to-gif
2024/11/20 22:34:38 logger.go:73: INFO: Registered command: ping
2024/11/20 22:34:39 logger.go:73: INFO: Registered command: uptime
2024/11/20 22:34:39 logger.go:73: INFO: Registered command: convert-document
2024/11/20 22:34:57 logger.go:73: INFO: Registered command: blur-image
2024/11/20 22:34:58 logger.go:73: INFO: Registered command: image-info
2024/11/20 22:34:58 logger.go:73: INFO: Loaded 7 commands successfully
2024/11/20 22:34:58 logger.go:73: INFO: Loading events...
2024/11/20 22:34:58 logger.go:73: INFO: Found event in events\ready\ready.go
2024/11/20 22:34:58 logger.go:73: INFO: Events loaded successfully
2024/11/20 22:34:59 logger.go:73: INFO: Logged in as: Devil#8657
2024/11/20 22:34:59 logger.go:73: INFO: Bot is in 1 guilds
2024/11/20 22:40:43 logger.go:73: INFO: Loading commands...
2024/11/20 22:40:44 logger.go:73: INFO: Registered command: resize-image
2024/11/20 22:40:45 logger.go:73: INFO: Registered command: webp-to-gif
2024/11/20 22:40:45 logger.go:73: INFO: Registered command: ping
2024/11/20 22:40:46 logger.go:73: INFO: Registered command: uptime
2024/11/20 22:40:46 logger.go:73: INFO: Registered command: convert-document
2024/11/20 22:41:05 logger.go:73: INFO: Registered command: blur-image
2024/11/20 22:41:05 logger.go:73: INFO: Registered command: image-info
2024/11/20 22:41:05 logger.go:73: INFO: Loaded 7 commands successfully
2024/11/20 22:41:05 logger.go:73: INFO: Loading events...
2024/11/20 22:41:05 logger.go:73: INFO: Found event in events\ready\ready.go
2024/11/20 22:41:05 logger.go:73: INFO: Events loaded successfully
2024/11/20 22:41:06 logger.go:73: INFO: Logged in as: Devil#8657
2024/11/20 22:41:06 logger.go:73: INFO: Bot is in 1 guilds
2024/11/20 23:00:45 logger.go:73: INFO: Loading commands...
2024/11/20 23:00:47 logger.go:73: INFO: Registered command: blur-image
2024/11/20 23:00:48 logger.go:73: INFO: Registered command: image-info
2024/11/20 23:00:49 logger.go:73: INFO: Registered command: resize-image
2024/11/20 23:00:49 logger.go:73: INFO: Registered command: webp-to-gif
2024/11/20 23:00:50 logger.go:73: INFO: Registered command: ping
2024/11/20 23:05:36 logger.go:73: INFO: Loading commands...
2024/11/20 23:05:38 logger.go:73: INFO: Registered command: image-info
2024/11/20 23:05:39 logger.go:73: INFO: Registered command: resize-image
2024/11/20 23:05:41 logger.go:73: INFO: Registered command: webp-to-gif
2024/11/20 23:05:41 logger.go:73: INFO: Registered command: ping
2024/11/20 23:05:42 logger.go:73: INFO: Registered command: uptime
2024/11/20 23:05:59 logger.go:73: INFO: Registered command: convert-document
2024/11/20 23:05:59 logger.go:73: INFO: Registered command: blur-image
2024/11/20 23:05:59 logger.go:73: INFO: Loaded 7 commands successfully
2024/11/20 23:05:59 logger.go:73: INFO: Loading events...
2024/11/20 23:05:59 logger.go:73: INFO: Found event in events\ready\ready.go
2024/11/20 23:05:59 logger.go:73: INFO: Events loaded successfully
2024/11/20 23:06:00 logger.go:73: INFO: Logged in as: Devil#8657
2024/11/20 23:06:00 logger.go:73: INFO: Bot is in 1 guilds
2024/11/20 23:06:00 logger.go:73: INFO: Bot added to new guild:RYZEN 7(ID:864283717026185226)
2024/11/20 23:06:55 logger.go:73: INFO: Bot added to new guild:Servidor de herói(ID:1275933567381409843)
2024/11/20 23:07:29 logger.go:73: INFO: Loading commands...
2024/11/20 23:07:30 logger.go:73: INFO: Registered command: convert-document
2024/11/20 23:07:30 logger.go:73: INFO: Registered command: blur-image
2024/11/20 23:07:30 logger.go:73: INFO: Registered command: image-info
2024/11/20 23:07:31 logger.go:73: INFO: Registered command: resize-image
2024/11/20 23:07:33 logger.go:73: INFO: Registered command: webp-to-gif
2024/11/20 23:07:51 logger.go:73: INFO: Registered command: ping
2024/11/20 23:07:52 logger.go:73: INFO: Registered command: uptime
2024/11/20 23:07:52 logger.go:73: INFO: Loaded 7 commands successfully
2024/11/20 23:07:52 logger.go:73: INFO: Loading events...
2024/11/20 23:07:52 logger.go:73: INFO: Found event in events\ready\ready.go
2024/11/20 23:07:52 logger.go:73: INFO: Events loaded successfully
2024/11/20 23:07:53 logger.go:73: INFO: Logged in as: Devil#8657
2024/11/20 23:07:53 logger.go:73: INFO: Bot is in 1 guilds
2024/11/20 23:07:53 logger.go:73: INFO: Bot added to new guild:RYZEN 7(ID:864283717026185226)
2024/11/20 23:07:53 logger.go:73: INFO: Bot added to new guild:Servidor de herói(ID:1275933567381409843)
2024/11/20 23:16:06 logger.go:73: INFO: Loading commands...
2024/11/20 23:16:07 logger.go:73: INFO: Registered command: convert-document
2024/11/20 23:16:07 logger.go:73: INFO: Registered command: blur-image
2024/11/20 23:16:08 logger.go:73: INFO: Registered command: image-info
2024/11/20 23:16:09 logger.go:73: INFO: Registered command: resize-image
2024/11/20 23:16:10 logger.go:73: INFO: Registered command: webp-to-gif
2024/11/20 23:18:57 logger.go:73: INFO: Loading commands...
2024/11/20 23:18:59 logger.go:73: INFO: Registered command: config
2024/11/20 23:19:00 logger.go:73: INFO: Registered command: convert-document
2024/11/20 23:19:00 logger.go:73: INFO: Registered command: blur-image
2024/11/20 23:19:01 logger.go:73: INFO: Registered command: image-info
2024/11/20 23:19:01 logger.go:73: INFO: Registered command: resize-image
2024/11/20 23:19:20 logger.go:73: INFO: Registered command: webp-to-gif
2024/11/20 23:19:20 logger.go:73: INFO: Registered command: ping
2024/11/20 23:19:21 logger.go:73: INFO: Registered command: uptime
2024/11/20 23:19:21 logger.go:73: INFO: Loaded 8 commands successfully
2024/11/20 23:19:21 logger.go:73: INFO: Loading events...
2024/11/20 23:19:21 logger.go:73: INFO: Found event in events\ready\ready.go
2024/11/20 23:19:21 logger.go:73: INFO: Events loaded successfully
2024/11/20 23:19:21 logger.go:73: INFO: Logged in as: Devil#8657
2024/11/20 23:19:21 logger.go:73: INFO: Bot is in 1 guilds
2024/11/20 23:19:21 logger.go:73: INFO: Bot added to new guild:RYZEN 7(ID:864283717026185226)
2024/11/20 23:19:22 logger.go:73: INFO: Bot added to new guild:Servidor de herói(ID:1275933567381409843)
2024/11/20 23:22:55 logger.go:73: INFO: Loading commands...
2024/11/20 23:22:56 logger.go:73: INFO: Registered command: webp-to-gif
2024/11/20 23:22:57 logger.go:73: INFO: Registered command: ping
2024/11/20 23:22:57 logger.go:73: INFO: Registered command: uptime
2024/11/20 23:22:58 logger.go:73: INFO: Registered command: config
2024/11/20 23:22:58 logger.go:73: INFO: Registered command: convert-document
2024/11/20 23:23:16 logger.go:73: INFO: Registered command: blur-image
2024/11/20 23:23:17 logger.go:73: INFO: Registered command: image-info
2024/11/20 23:23:18 logger.go:73: INFO: Registered command: resize-image
2024/11/20 23:23:18 logger.go:73: INFO: Loaded 8 commands successfully
2024/11/20 23:23:18 logger.go:73: INFO: Loading events...
2024/11/20 23:23:18 logger.go:73: INFO: Found event in events\ready\ready.go
2024/11/20 23:23:18 logger.go:73: INFO: Events loaded successfully
2024/11/20 23:23:18 logger.go:73: INFO: Logged in as: Devil#8657
2024/11/20 23:23:18 logger.go:73: INFO: Bot is in 1 guilds
2024/11/20 23:23:18 logger.go:73: INFO: Bot added to new guild:RYZEN 7(ID:864283717026185226)
2024/11/20 23:23:19 logger.go:73: INFO: Bot added to new guild:Servidor de herói(ID:1275933567381409843)
2024/11/20 23:27:04 logger.go:73: INFO: Loading commands...
2024/11/20 23:27:04 logger.go:73: INFO: Registered command: config
2024/11/20 23:27:05 logger.go:73: INFO: Registered command: convert-document
2024/11/20 23:27:05 logger.go:73: INFO: Registered command: blur-image
2024/11/20 23:27:06 logger.go:73: INFO: Registered command: image-info
2024/11/20 23:27:06 logger.go:73: INFO: Registered command: resize-image
2024/11/20 23:27:25 logger.go:73: INFO: Registered command: webp-to-gif
2024/11/20 23:27:26 logger.go:73: INFO: Registered command: ping
2024/11/20 23:27:26 logger.go:73: INFO: Registered command: uptime
2024/11/20 23:27:26 logger.go:73: INFO: Loaded 8 commands successfully
2024/11/20 23:27:26 logger.go:73: INFO: Loading events...
2024/11/20 23:27:26 logger.go:73: INFO: Found event in events\ready\ready.go
2024/11/20 23:27:26 logger.go:73: INFO: Events loaded successfully
2024/11/20 23:27:27 logger.go:73: INFO: Logged in as: Devil#8657
2024/11/20 23:27:27 logger.go:73: INFO: Bot is in 1 guilds
2024/11/20 23:27:27 logger.go:73: INFO: Bot added to new guild:RYZEN 7(ID:864283717026185226)
2024/11/20 23:27:27 logger.go:73: INFO: Bot added to new guild:Servidor de herói(ID:1275933567381409843)
2024/11/20 23:30:48 logger.go:73: INFO: Loading commands...
2024/11/20 23:30:48 logger.go:73: INFO: Registered command: resize-image
2024/11/20 23:30:49 logger.go:73: INFO: Registered command: webp-to-gif
2024/11/20 23:30:49 logger.go:73: INFO: Registered command: ping
2024/11/20 23:30:50 logger.go:73: INFO: Registered command: uptime
2024/11/20 23:30:50 logger.go:73: INFO: Registered command: config
2024/11/20 23:31:09 logger.go:73: INFO: Registered command: convert-document
2024/11/20 23:31:10 logger.go:73: INFO: Registered command: blur-image
2024/11/20 23:31:10 logger.go:73: INFO: Registered command: image-info
2024/11/20 23:31:10 logger.go:73: INFO: Loaded 8 commands successfully
2024/11/20 23:31:10 logger.go:73: INFO: Loading events...
2024/11/20 23:31:10 logger.go:73: INFO: Found event in events\ready\ready.go
2024/11/20 23:31:10 logger.go:73: INFO: Events loaded successfully
2024/11/20 23:31:11 logger.go:73: INFO: Logged in as: Devil#8657
2024/11/20 23:31:11 logger.go:73: INFO: Bot is in 1 guilds
2024/11/20 23:31:11 logger.go:73: INFO: Bot added to new guild:RYZEN 7(ID:864283717026185226)
2024/11/20 23:31:11 logger.go:73: INFO: Bot added to new guild:Servidor de herói(ID:1275933567381409843)
2024/11/20 23:42:44 logger.go:73: INFO: Loading commands...
2024/11/20 23:42:45 logger.go:73: INFO: Registered command: resize-image
2024/11/20 23:42:45 logger.go:73: INFO: Registered command: webp-to-gif
2024/11/20 23:42:46 logger.go:73: INFO: Registered command: ping
2024/11/20 23:42:46 logger.go:73: INFO: Registered command: uptime
2024/11/20 23:42:47 logger.go:73: INFO: Registered command: config
2024/11/20 23:43:05 logger.go:73: INFO: Registered command: convert-document
2024/11/20 23:43:06 logger.go:73: INFO: Registered command: blur-image
2024/11/20 23:43:06 logger.go:73: INFO: Registered command: image-info
2024/11/20 23:43:06 logger.go:73: INFO: Loaded 8 commands successfully
2024/11/20 23:43:06 logger.go:73: INFO: Loading events...
2024/11/20 23:43:06 logger.go:73: INFO: Found event in events\ready\ready.go
2024/11/20 23:43:06 logger.go:73: INFO: Events loaded successfully
2024/11/20 23:43:07 logger.go:73: INFO: Logged in as: Devil#8657
2024/11/20 23:43:07 logger.go:73: INFO: Bot is in 1 guilds
2024/11/20 23:43:07 logger.go:73: INFO: Bot added to new guild:RYZEN 7(ID:864283717026185226)
2024/11/20 23:43:07 logger.go:73: INFO: Bot added to new guild:Servidor de herói(ID:1275933567381409843)
2024/11/21 17:40:56 logger.go:73: INFO: Loading commands...
2024/11/21 17:40:57 logger.go:73: INFO: Registered command: ping
2024/11/21 17:40:58 logger.go:73: INFO: Registered command: qrcode
2024/11/21 17:40:58 logger.go:73: INFO: Registered command: uptime
2024/11/21 17:40:58 logger.go:73: INFO: Registered command: blur-image
2024/11/21 17:40:59 logger.go:73: INFO: Registered command: image-info
2024/11/21 17:41:17 logger.go:73: INFO: Registered command: resize-image
2024/11/21 17:41:18 logger.go:73: INFO: Registered command: convert-document
2024/11/21 17:41:18 logger.go:73: INFO: Registered command: webp-to-gif
2024/11/21 17:41:19 logger.go:73: INFO: Registered command: config
2024/11/21 17:41:19 logger.go:73: INFO: Loaded 9 commands successfully
2024/11/21 17:41:19 logger.go:73: INFO: Loading events...
2024/11/21 17:41:19 logger.go:73: INFO: Found event in events\ready\ready.go
2024/11/21 17:41:19 logger.go:73: INFO: Events loaded successfully
2024/11/21 17:41:19 logger.go:73: INFO: Logged in as: Devil#8657
2024/11/21 17:41:19 logger.go:73: INFO: Bot is in 1 guilds
2024/11/21 17:41:19 logger.go:73: INFO: Bot added to new guild:RYZEN 7(ID:864283717026185226)
2024/11/21 17:41:20 logger.go:73: INFO: Bot added to new guild:Servidor de herói(ID:1275933567381409843)
2024/11/24 20:46:59 logger.go:73: INFO: Loading commands...
2024/11/24 20:47:01 logger.go:73: INFO: Registered command: ping
2024/11/24 20:47:01 logger.go:73: INFO: Registered command: qrcode
2024/11/24 20:47:02 logger.go:73: INFO: Registered command: convert-document
2024/11/24 20:47:03 logger.go:73: INFO: Registered command: blur-image
2024/11/24 20:47:04 logger.go:73: INFO: Registered command: image-info
2024/11/24 20:47:23 logger.go:73: INFO: Registered command: config
2024/11/24 20:47:23 logger.go:73: INFO: Registered command: resize-image
2024/11/24 20:47:24 logger.go:73: INFO: Registered command: webp-to-gif
2024/11/24 20:47:24 logger.go:73: INFO: Registered command: uptime
2024/11/24 20:47:24 logger.go:73: INFO: Loaded 9 commands successfully
2024/11/24 20:47:24 logger.go:73: INFO: Loading events...
2024/11/24 20:47:24 logger.go:73: INFO: Found event in events\ready\ready.go
2024/11/24 20:47:24 logger.go:73: INFO: Events loaded successfully
2024/11/24 20:47:25 logger.go:73: INFO: Logged in as: Devil#8657
2024/11/24 20:47:25 logger.go:73: INFO: Bot is in 1 guilds
2024/11/24 20:47:25 logger.go:73: INFO: Bot added to new guild:RYZEN 7(ID:864283717026185226)
2024/11/24 20:47:25 logger.go:73: INFO: Bot added to new guild:Servidor de herói(ID:1275933567381409843)
2024/11/24 21:07:49 logger.go:73: INFO: Loading commands...
2024/11/24 21:07:50 logger.go:73: INFO: Registered command: convert-document
2024/11/24 21:07:51 logger.go:73: INFO: Registered command: blur-image
2024/11/24 21:07:51 logger.go:73: INFO: Registered command: image-info
2024/11/24 21:07:52 logger.go:73: INFO: Registered command: uptime
2024/11/24 21:07:53 logger.go:73: INFO: Registered command: config
2024/11/24 21:08:11 logger.go:73: INFO: Registered command: resize-image
2024/11/24 21:08:12 logger.go:73: INFO: Registered command: webp-to-gif
2024/11/24 21:08:12 logger.go:73: INFO: Registered command: ping
2024/11/24 21:08:13 logger.go:73: INFO: Registered command: qrcode
2024/11/24 21:08:13 logger.go:73: INFO: Loaded 9 commands successfully
2024/11/24 21:08:13 logger.go:73: INFO: Loading events...
2024/11/24 21:08:13 logger.go:73: INFO: Found event in events\ready\ready.go
2024/11/24 21:08:13 logger.go:73: INFO: Events loaded successfully
2024/11/24 21:08:13 logger.go:73: INFO: Logged in as: Devil#8657
2024/11/24 21:08:13 logger.go:73: INFO: Bot is in 1 guilds
2024/11/26 08:16:25 logger.go:73: INFO: Loading commands...
2024/11/26 08:16:25 logger.go:73: INFO: Registered command: image-info
2024/11/26 08:16:26 logger.go:73: INFO: Registered command: webp-to-gif
2024/11/26 08:16:27 logger.go:73: INFO: Registered command: ping
2024/11/26 08:16:27 logger.go:73: INFO: Registered command: convert-webm
2024/11/26 08:16:27 logger.go:73: INFO: Registered command: convert-document
2024/11/26 08:16:46 logger.go:73: INFO: Registered command: blur-image
2024/11/26 08:16:47 logger.go:73: INFO: Registered command: uptime
2024/11/26 08:16:47 logger.go:73: INFO: Registered command: config
2024/11/26 08:16:48 logger.go:73: INFO: Registered command: resize-image
2024/11/26 08:16:48 logger.go:73: INFO: Registered command: qrcode
2024/11/26 08:16:48 logger.go:73: INFO: Loaded 10 commands successfully
2024/11/26 08:16:48 logger.go:73: INFO: Loading events...
2024/11/26 08:16:48 logger.go:73: INFO: Found event in events\ready\ready.go
2024/11/26 08:16:48 logger.go:73: INFO: Events loaded successfully
2024/11/26 08:16:49 logger.go:73: INFO: Logged in as: Devil#8657
2024/11/26 08:16:49 logger.go:73: INFO: Bot is in 1 guilds
2024/11/26 08:27:09 logger.go:73: INFO: Loading commands...
2024/11/26 08:27:10 logger.go:73: INFO: Registered command: webp-to-gif
2024/11/26 08:27:10 logger.go:73: INFO: Registered command: uptime
2024/11/26 08:27:10 logger.go:73: INFO: Registered command: config
2024/11/26 08:27:11 logger.go:73: INFO: Registered command: blur-image
2024/11/26 08:27:12 logger.go:73: INFO: Registered command: image-info
2024/11/26 08:27:30 logger.go:73: INFO: Registered command: resize-image
2024/11/26 08:27:31 logger.go:73: INFO: Registered command: ping
2024/11/26 08:27:33 logger.go:73: INFO: Registered command: qrcode
2024/11/26 08:27:33 logger.go:73: INFO: Registered command: extract-audio
2024/11/26 08:27:34 logger.go:73: INFO: Registered command: convert-webm
2024/11/26 08:27:51 logger.go:73: INFO: Registered command: convert-document
2024/11/26 08:27:51 logger.go:73: INFO: Loaded 11 commands successfully
2024/11/26 08:27:51 logger.go:73: INFO: Loading events...
2024/11/26 08:27:51 logger.go:73: INFO: Found event in events\ready\ready.go
2024/11/26 08:27:51 logger.go:73: INFO: Events loaded successfully
2024/11/26 08:27:52 logger.go:73: INFO: Logged in as: Devil#8657
2024/11/26 08:27:52 logger.go:73: INFO: Bot is in 1 guilds
2024/11/26 08:34:13 logger.go:73: INFO: Loading commands...
2024/11/26 08:34:14 logger.go:73: INFO: Registered command: blur-image
2024/11/26 08:34:14 logger.go:73: INFO: Registered command: image-info
2024/11/26 08:34:15 logger.go:73: INFO: Registered command: resize-image
2024/11/26 08:34:15 logger.go:73: INFO: Registered command: ping
2024/11/26 08:34:16 logger.go:73: INFO: Registered command: uptime
2024/11/26 08:34:34 logger.go:73: INFO: Registered command: convert-webm
2024/11/26 08:34:35 logger.go:73: INFO: Registered command: convert-document
2024/11/26 08:34:35 logger.go:73: INFO: Registered command: webp-to-gif
2024/11/26 08:34:36 logger.go:73: INFO: Registered command: qrcode
2024/11/26 08:34:36 logger.go:73: INFO: Registered command: extract-audio
2024/11/26 08:34:55 logger.go:73: INFO: Registered command: config
2024/11/26 08:34:55 logger.go:73: INFO: Loaded 11 commands successfully
2024/11/26 08:34:55 logger.go:73: INFO: Loading events...
2024/11/26 08:34:55 logger.go:73: INFO: Found event in events\ready\ready.go
2024/11/26 08:34:55 logger.go:73: INFO: Events loaded successfully
2024/11/26 08:34:55 logger.go:73: INFO: Logged in as: Devil#8657
2024/11/26 08:34:55 logger.go:73: INFO: Bot is in 1 guilds
2024/11/26 08:45:22 logger.go:73: INFO: Loading commands...
2024/11/26 08:45:23 logger.go:73: INFO: Registered command: ai
2024/11/26 08:45:23 logger.go:73: INFO: Registered command: ping
2024/11/26 08:45:24 logger.go:73: INFO: Registered command: extract-audio
2024/11/26 08:45:24 logger.go:73: INFO: Registered command: convert-webm
2024/11/26 08:45:25 logger.go:73: INFO: Registered command: blur-image
2024/11/26 08:45:44 logger.go:73: INFO: Registered command: image-info
2024/11/26 08:45:44 logger.go:73: INFO: Registered command: resize-image
2024/11/26 08:45:45 logger.go:73: INFO: Registered command: webp-to-gif
2024/11/26 08:45:45 logger.go:73: INFO: Registered command: convert-document
2024/11/26 08:45:46 logger.go:73: INFO: Registered command: qrcode
2024/11/26 08:46:04 logger.go:73: INFO: Registered command: uptime
2024/11/26 08:46:05 logger.go:73: INFO: Registered command: config
2024/11/26 08:46:05 logger.go:73: INFO: Loaded 12 commands successfully
2024/11/26 08:46:05 logger.go:73: INFO: Loading events...
2024/11/26 08:46:05 logger.go:73: INFO: Found event in events\ready\ready.go
2024/11/26 08:46:05 logger.go:73: INFO: Events loaded successfully
2024/11/26 08:46:05 logger.go:73: INFO: Logged in as: Devil#8657
2024/11/26 08:46:05 logger.go:73: INFO: Bot is in 1 guilds
2024/11/26 09:02:08 logger.go:73: INFO: Loading commands...
2024/11/26 09:02:09 logger.go:73: INFO: Registered command: convert-document
2024/11/26 09:02:09 logger.go:73: INFO: Registered command: ping
2024/11/26 09:02:09 logger.go:73: INFO: Registered command: uptime
2024/11/26 09:02:10 logger.go:73: INFO: Registered command: convert-webm
2024/11/26 09:02:10 logger.go:73: INFO: Registered command: qrcode
2024/11/26 09:02:29 logger.go:73: INFO: Registered command: extract-audio
2024/11/26 09:02:29 logger.go:73: INFO: Registered command: config
2024/11/26 09:02:30 logger.go:73: INFO: Registered command: blur-image
2024/11/26 09:02:30 logger.go:73: INFO: Registered command: image-info
2024/11/26 09:02:31 logger.go:73: INFO: Registered command: resize-image
